<?xml version="1.0" encoding="UTF-8"?>
<testng-results skipped="0" failed="0" total="1" passed="1">
  <reporter-output>
  </reporter-output>
  <suite name="Default suite" duration-ms="24089" started-at="2017-02-13T07:05:49Z" finished-at="2017-02-13T07:06:14Z">
    <groups>
    </groups>
    <test name="Default test" duration-ms="24089" started-at="2017-02-13T07:05:49Z" finished-at="2017-02-13T07:06:14Z">
      <class name="day30.pomtestcases.POMRegistrationTest">
        <test-method status="PASS" signature="registrationTest()[pri:0, instance:day30.pomtestcases.POMRegistrationTest@13a45c84]" name="registrationTest" duration-ms="24059" started-at="2017-02-12T23:05:50Z" finished-at="2017-02-12T23:06:14Z">
          <reporter-output>
          </reporter-output>
        </test-method> <!-- registrationTest -->
      </class> <!-- day30.pomtestcases.POMRegistrationTest -->
    </test> <!-- Default test -->
  </suite> <!-- Default suite -->
</testng-results>
