<?xml version="1.0" encoding="UTF-8"?>
<!-- Generated by org.testng.reporters.JUnitXMLReporter -->
<testsuite hostname="Sai-PC" name="OrangeHRM" tests="4" failures="0" timestamp="1 Feb 2017 06:38:27 GMT" time="51.199" errors="0">
  <testcase name="loginTest" time="16.62" classname="day26.Login"/>
  <testcase name="addEmpTest" time="4.899" classname="day26.AddEmployee"/>
  <testcase name="delEmptest" time="28.049" classname="day26.DeleteEmployee"/>
  <testcase name="logoutTest" time="1.575" classname="day26.Logout"/>
</testsuite> <!-- OrangeHRM -->
